<?xml version="1.0" encoding="UTF-8"?>
<testsuite name="io.cdep.cdep.generator.TestGithubStyleUrlResolver" tests="1" skipped="0" failures="0" errors="0" timestamp="2017-02-18T18:06:52" hostname="LAPTOP-HG3Q20N1" time="0.063">
  <properties/>
  <testcase name="testSimple" classname="io.cdep.cdep.generator.TestGithubStyleUrlResolver" time="0.063"/>
  <system-out><![CDATA[]]></system-out>
  <system-err><![CDATA[]]></system-err>
</testsuite>
