<?xml version="1.0" encoding="UTF-8"?>
<testsuite name="io.cdep.bootstrap.TestBootstrap" tests="3" skipped="0" failures="0" errors="0" timestamp="2017-02-18T18:06:51" hostname="LAPTOP-HG3Q20N1" time="0.716">
  <properties/>
  <testcase name="testCDep" classname="io.cdep.bootstrap.TestBootstrap" time="0.7"/>
  <testcase name="testLocalFile" classname="io.cdep.bootstrap.TestBootstrap" time="0.016"/>
  <testcase name="testVersion" classname="io.cdep.bootstrap.TestBootstrap" time="0.0"/>
  <system-out><![CDATA[cdep alpha-0.0.55
cdep alpha-0.0.29
Manifest C:\Users\jomof\projects\mega\bootstrap\.test-files\testLocalFile\bootstrap.yml
]]></system-out>
  <system-err><![CDATA[]]></system-err>
</testsuite>
